13:14:56.310 [main] INFO  testCases.TC004_BusinessCoursera - ---//Contact Us Page Opened//---
13:15:02.588 [main] INFO  testCases.TC004_BusinessCoursera - ---//Error Message Captured from Contact Us Page//---
14:39:02.120 [main] INFO  testCases.TC004_BusinessCoursera - ---//WebDevelopment Page opened//---
14:39:06.503 [main] INFO  testCases.TC004_BusinessCoursera - ---//Level Selected//---
14:39:14.200 [main] INFO  testCases.TC004_BusinessCoursera - ---//Language Selected//---
14:39:41.640 [main] INFO  testCases.TC004_BusinessCoursera - ---//Language Learning Page opened//---
14:39:43.179 [main] INFO  testCases.TC004_BusinessCoursera - ---//Data Captured from Levels//---
14:40:02.176 [main] INFO  testCases.TC004_BusinessCoursera - ---//Data Captured from Languages//---
14:40:22.100 [main] INFO  testCases.TC004_BusinessCoursera - ---//Enterprise opened//---
14:40:38.274 [main] INFO  testCases.TC004_BusinessCoursera - ---//Contact Us Page Opened//---
14:40:44.455 [main] INFO  testCases.TC004_BusinessCoursera - ---//Error Message Captured from Contact Us Page//---
15:39:59.456 [main] INFO  testCases.TC004_BusinessCoursera - ---//WebDevelopment Page opened//---
15:40:03.585 [main] INFO  testCases.TC004_BusinessCoursera - ---//Level Selected//---
15:40:10.892 [main] INFO  testCases.TC004_BusinessCoursera - ---//Language Selected//---
15:40:31.937 [main] INFO  testCases.TC004_BusinessCoursera - ---//Language Learning Page opened//---
15:40:32.877 [main] INFO  testCases.TC004_BusinessCoursera - ---//Data Captured from Levels//---
15:40:48.048 [main] INFO  testCases.TC004_BusinessCoursera - ---//Data Captured from Languages//---
15:41:06.901 [main] INFO  testCases.TC004_BusinessCoursera - ---//Enterprise opened//---
15:43:31.431 [main] INFO  testCases.TC004_BusinessCoursera - ---//Contact Us Page Opened//---
15:43:37.861 [main] INFO  testCases.TC004_BusinessCoursera - ---//Error Message Captured from Contact Us Page//---
23:49:51.663 [main] INFO  testCases.TC004_BusinessCoursera - ---//WebDevelopment Page opened//---
23:49:55.771 [main] INFO  testCases.TC004_BusinessCoursera - ---//Level Selected//---
23:50:03.241 [main] INFO  testCases.TC004_BusinessCoursera - ---//Language Selected//---
23:50:22.771 [main] INFO  testCases.TC004_BusinessCoursera - ---//Language Learning Page opened//---
23:50:23.592 [main] INFO  testCases.TC004_BusinessCoursera - ---//Data Captured from Levels//---
23:50:37.663 [main] INFO  testCases.TC004_BusinessCoursera - ---//Data Captured from Languages//---
23:50:51.026 [main] INFO  testCases.TC004_BusinessCoursera - ---//Enterprise opened//---
23:51:03.007 [main] INFO  testCases.TC004_BusinessCoursera - ---//Contact Us Page Opened//---
23:51:08.687 [main] INFO  testCases.TC004_BusinessCoursera - ---//Error Message Captured from Contact Us Page//---
12:09:48.502 [main] INFO  testCases.TC004_BusinessCoursera - ---//WebDevelopment Page opened//---
12:09:53.190 [main] INFO  testCases.TC004_BusinessCoursera - ---//Level Selected//---
12:10:00.891 [main] INFO  testCases.TC004_BusinessCoursera - ---//Language Selected//---
12:10:27.886 [main] INFO  testCases.TC004_BusinessCoursera - ---//Language Learning Page opened//---
12:10:29.537 [main] INFO  testCases.TC004_BusinessCoursera - ---//Data Captured from Levels//---
12:11:38.289 [main] INFO  testCases.TC004_BusinessCoursera - ---//Data Captured from Languages//---
12:12:20.970 [main] INFO  testCases.TC004_BusinessCoursera - ---//Enterprise opened//---
12:12:47.249 [main] INFO  testCases.TC004_BusinessCoursera - ---//Contact Us Page Opened//---
12:12:55.601 [main] INFO  testCases.TC004_BusinessCoursera - ---//Error Message Captured from Contact Us Page//---
19:06:55.293 [main] INFO  testCases.TC004_BusinessCoursera - ---//WebDevelopment Page opened//---
19:06:59.268 [main] INFO  testCases.TC004_BusinessCoursera - ---//Level Selected//---
19:07:06.387 [main] INFO  testCases.TC004_BusinessCoursera - ---//Language Selected//---
19:07:25.807 [main] INFO  testCases.TC004_BusinessCoursera - ---//Language Learning Page opened//---
19:07:26.748 [main] INFO  testCases.TC004_BusinessCoursera - ---//Data Captured from Levels//---
19:07:38.156 [main] INFO  testCases.TC004_BusinessCoursera - ---//Data Captured from Languages//---
19:08:02.999 [main] INFO  testCases.TC004_BusinessCoursera - ---//Enterprise opened//---
19:08:19.850 [main] INFO  testCases.TC004_BusinessCoursera - ---//Contact Us Page Opened//---
19:08:25.688 [main] INFO  testCases.TC004_BusinessCoursera - ---//Error Message Captured from Contact Us Page//---
19:11:48.483 [main] INFO  testCases.TC004_BusinessCoursera - ---//WebDevelopment Page opened//---
19:11:52.534 [main] INFO  testCases.TC004_BusinessCoursera - ---//Level Selected//---
19:11:59.695 [main] INFO  testCases.TC004_BusinessCoursera - ---//Language Selected//---
19:12:22.411 [main] INFO  testCases.TC004_BusinessCoursera - ---//Language Learning Page opened//---
19:12:23.681 [main] INFO  testCases.TC004_BusinessCoursera - ---//Data Captured from Levels//---
