12:58:41.384 [main] INFO  testCases.TC004_BusinessCoursera - ---//Data Captured from Languages//---
12:59:04.918 [main] INFO  testCases.TC004_BusinessCoursera - ---//Enterprise opened//---
12:59:23.763 [main] INFO  testCases.TC004_BusinessCoursera - ---//Contact Us Page Opened//---
14:06:55.762 [main] INFO  testCases.TC004_BusinessCoursera - ---//WebDevelopment Page opened//---
14:07:00.636 [main] INFO  testCases.TC004_BusinessCoursera - ---//Level Selected//---
14:07:09.147 [main] INFO  testCases.TC004_BusinessCoursera - ---//Language Selected//---
14:07:33.555 [main] INFO  testCases.TC004_BusinessCoursera - ---//Language Learning Page opened//---
14:07:34.767 [main] INFO  testCases.TC004_BusinessCoursera - ---//Data Captured from Levels//---
14:07:50.755 [main] INFO  testCases.TC004_BusinessCoursera - ---//Data Captured from Languages//---
14:08:11.840 [main] INFO  testCases.TC004_BusinessCoursera - ---//Enterprise opened//---
14:08:34.692 [main] INFO  testCases.TC004_BusinessCoursera - ---//Contact Us Page Opened//---
14:31:38.623 [main] INFO  testCases.TC004_BusinessCoursera - ---//WebDevelopment Page opened//---
14:31:43.659 [main] INFO  testCases.TC004_BusinessCoursera - ---//Level Selected//---
14:31:52.117 [main] INFO  testCases.TC004_BusinessCoursera - ---//Language Selected//---
14:32:40.832 [main] INFO  testCases.TC004_BusinessCoursera - ---//Language Learning Page opened//---
14:32:42.127 [main] INFO  testCases.TC004_BusinessCoursera - ---//Data Captured from Levels//---
14:33:04.776 [main] INFO  testCases.TC004_BusinessCoursera - ---//Data Captured from Languages//---
14:34:17.161 [main] INFO  testCases.TC004_BusinessCoursera - ---//Enterprise opened//---
14:35:19.512 [main] INFO  testCases.TC004_BusinessCoursera - ---//Contact Us Page Opened//---
14:35:30.736 [main] INFO  testCases.TC004_BusinessCoursera - ---//Error Message Captured from Contact Us Page//---
17:36:03.794 [main] INFO  testCases.TC004_BusinessCoursera - ---//WebDevelopment Page opened//---
17:36:08.831 [main] INFO  testCases.TC004_BusinessCoursera - ---//Level Selected//---
17:36:17.089 [main] INFO  testCases.TC004_BusinessCoursera - ---//Language Selected//---
17:36:41.177 [main] INFO  testCases.TC004_BusinessCoursera - ---//Language Learning Page opened//---
17:36:42.120 [main] INFO  testCases.TC004_BusinessCoursera - ---//Data Captured from Levels//---
17:36:56.652 [main] INFO  testCases.TC004_BusinessCoursera - ---//Data Captured from Languages//---
17:37:16.839 [main] INFO  testCases.TC004_BusinessCoursera - ---//Enterprise opened//---
17:37:37.745 [main] INFO  testCases.TC004_BusinessCoursera - ---//Contact Us Page Opened//---
17:58:43.026 [main] INFO  testCases.TC004_BusinessCoursera - ---//WebDevelopment Page opened//---
17:58:47.711 [main] INFO  testCases.TC004_BusinessCoursera - ---//Level Selected//---
17:58:56.013 [main] INFO  testCases.TC004_BusinessCoursera - ---//Language Selected//---
17:59:28.665 [main] INFO  testCases.TC004_BusinessCoursera - ---//Language Learning Page opened//---
17:59:30.274 [main] INFO  testCases.TC004_BusinessCoursera - ---//Data Captured from Levels//---
17:59:43.184 [main] INFO  testCases.TC004_BusinessCoursera - ---//Data Captured from Languages//---
18:00:32.410 [main] INFO  testCases.TC004_BusinessCoursera - ---//Enterprise opened//---
18:01:21.041 [main] INFO  testCases.TC004_BusinessCoursera - ---//Contact Us Page Opened//---
18:07:45.801 [main] INFO  testCases.TC004_BusinessCoursera - ---//WebDevelopment Page opened//---
18:07:50.213 [main] INFO  testCases.TC004_BusinessCoursera - ---//Level Selected//---
18:07:58.283 [main] INFO  testCases.TC004_BusinessCoursera - ---//Language Selected//---
18:08:22.242 [main] INFO  testCases.TC004_BusinessCoursera - ---//Language Learning Page opened//---
18:08:23.467 [main] INFO  testCases.TC004_BusinessCoursera - ---//Data Captured from Levels//---
18:08:38.830 [main] INFO  testCases.TC004_BusinessCoursera - ---//Data Captured from Languages//---
18:09:00.492 [main] INFO  testCases.TC004_BusinessCoursera - ---//Enterprise opened//---
18:09:23.282 [main] INFO  testCases.TC004_BusinessCoursera - ---//Contact Us Page Opened//---
18:09:35.152 [main] INFO  testCases.TC004_BusinessCoursera - ---//Error Message Captured from Contact Us Page//---
08:06:43.509 [main] INFO  testCases.TC004_BusinessCoursera - ---//WebDevelopment Page opened//---
08:06:47.603 [main] INFO  testCases.TC004_BusinessCoursera - ---//Level Selected//---
08:06:55.583 [main] INFO  testCases.TC004_BusinessCoursera - ---//Language Selected//---
08:07:14.162 [main] INFO  testCases.TC004_BusinessCoursera - ---//Language Learning Page opened//---
08:07:15.040 [main] INFO  testCases.TC004_BusinessCoursera - ---//Data Captured from Levels//---
08:07:26.208 [main] INFO  testCases.TC004_BusinessCoursera - ---//Data Captured from Languages//---
08:07:43.251 [main] INFO  testCases.TC004_BusinessCoursera - ---//Enterprise opened//---
08:12:59.655 [main] INFO  testCases.TC004_BusinessCoursera - ---//WebDevelopment Page opened//---
